<?xml version="1.0" encoding="UTF-8"?>
<!-- Generated by org.testng.reporters.JUnitXMLReporter -->
<testsuite ignored="2" hostname="LAPTOP-PLDVID4F" failures="0" tests="2" name="Test" time="9.409" errors="0" timestamp="2021-12-30T18:20:03 IST">
  <testcase classname="utilities.Executor" name="@BeforeClass openApp" time="0.001">
    <failure type="java.lang.NullPointerException">
      <![CDATA[java.lang.NullPointerException
at utilities.Reporter.createTestCase(Reporter.java:29)
at utilities.Executor.startApp(Executor.java:43)
at utilities.Executor.openApp(Executor.java:29)
at java.base/java.util.ArrayList.forEach(ArrayList.java:1540)
... Removed 25 stack frames]]>
    </failure>
  </testcase> <!-- @BeforeClass openApp -->
  <testcase classname="utilities.Executor" name="@AfterClass closeApp" time="-1.640868602926E9">
    <skipped/>
  </testcase> <!-- @AfterClass closeApp -->
  <testcase classname="tests.TC001_EditFeature" name="Edit_Validation" time="3.463"/>
  <testcase classname="tests.TC002_ButtonFeature" name="Button_Validation" time="0.0">
    <skipped/>
  </testcase> <!-- Button_Validation -->
  <testcase classname="utilities.Executor" name="@BeforeTest reportStart" time="0.0">
    <ignored/>
  </testcase> <!-- @BeforeTest reportStart -->
  <testcase classname="utilities.Executor" name="@AfterTest reportEnd" time="0.0">
    <ignored/>
  </testcase> <!-- @AfterTest reportEnd -->
</testsuite> <!-- Test -->
